Analysis & Synthesis report for master
Wed Dec 25 19:51:32 2019
Quartus II Version 9.1 Build 350 03/24/2010 Service Pack 2 SJ Full Version


---------------------
; Table of Contents ;
---------------------
  1. Legal Notice
  2. Analysis & Synthesis Summary
  3. Analysis & Synthesis Settings
  4. Parallel Compilation
  5. Analysis & Synthesis Source Files Read
  6. Analysis & Synthesis Resource Usage Summary
  7. Analysis & Synthesis Resource Utilization by Entity
  8. State Machine - |master|ps2_keyboard_to_ascii:ps2|state
  9. State Machine - |master|lcd_controller:dut|state
 10. Registers Removed During Synthesis
 11. Removed Registers Triggering Further Register Optimizations
 12. General Register Statistics
 13. Inverted Register Statistics
 14. Multiplexer Restructuring Statistics (Restructuring Performed)
 15. Parameter Settings for User Entity Instance: ps2_keyboard_to_ascii:ps2
 16. Parameter Settings for User Entity Instance: ps2_keyboard_to_ascii:ps2|ps2_keyboard:ps2_keyboard_0
 17. Parameter Settings for User Entity Instance: ps2_keyboard_to_ascii:ps2|ps2_keyboard:ps2_keyboard_0|debounce:debounce_ps2_clk
 18. Parameter Settings for User Entity Instance: ps2_keyboard_to_ascii:ps2|ps2_keyboard:ps2_keyboard_0|debounce:debounce_ps2_data
 19. Port Connectivity Checks: "lcd_controller:dut"
 20. Analysis & Synthesis Messages



----------------
; Legal Notice ;
----------------
Copyright (C) 1991-2010 Altera Corporation
Your use of Altera Corporation's design tools, logic functions 
and other software and tools, and its AMPP partner logic 
functions, and any output files from any of the foregoing 
(including device programming or simulation files), and any 
associated documentation or information are expressly subject 
to the terms and conditions of the Altera Program License 
Subscription Agreement, Altera MegaCore Function License 
Agreement, or other applicable license agreement, including, 
without limitation, that your use is for the sole purpose of 
programming logic devices manufactured by Altera and sold by 
Altera or its authorized distributors.  Please refer to the 
applicable agreement for further details.



+------------------------------------------------------------------------------------+
; Analysis & Synthesis Summary                                                       ;
+------------------------------------+-----------------------------------------------+
; Analysis & Synthesis Status        ; Successful - Wed Dec 25 19:51:32 2019         ;
; Quartus II Version                 ; 9.1 Build 350 03/24/2010 SP 2 SJ Full Version ;
; Revision Name                      ; master                                        ;
; Top-level Entity Name              ; master                                        ;
; Family                             ; Cyclone II                                    ;
; Total logic elements               ; 1,141                                         ;
;     Total combinational functions  ; 1,020                                         ;
;     Dedicated logic registers      ; 273                                           ;
; Total registers                    ; 273                                           ;
; Total pins                         ; 53                                            ;
; Total virtual pins                 ; 0                                             ;
; Total memory bits                  ; 0                                             ;
; Embedded Multiplier 9-bit elements ; 0                                             ;
; Total PLLs                         ; 0                                             ;
+------------------------------------+-----------------------------------------------+


+----------------------------------------------------------------------------------------------------------------------+
; Analysis & Synthesis Settings                                                                                        ;
+----------------------------------------------------------------------------+--------------------+--------------------+
; Option                                                                     ; Setting            ; Default Value      ;
+----------------------------------------------------------------------------+--------------------+--------------------+
; Device                                                                     ; EP2C70F896C6       ;                    ;
; Top-level entity name                                                      ; master             ; master             ;
; Family name                                                                ; Cyclone II         ; Stratix II         ;
; Use Generated Physical Constraints File                                    ; Off                ;                    ;
; Use smart compilation                                                      ; Off                ; Off                ;
; Enable parallel Assembler and TimeQuest Timing Analyzer during compilation ; On                 ; On                 ;
; Enable compact report table                                                ; Off                ; Off                ;
; Restructure Multiplexers                                                   ; Auto               ; Auto               ;
; Create Debugging Nodes for IP Cores                                        ; Off                ; Off                ;
; Preserve fewer node names                                                  ; On                 ; On                 ;
; Disable OpenCore Plus hardware evaluation                                  ; Off                ; Off                ;
; Verilog Version                                                            ; Verilog_2001       ; Verilog_2001       ;
; VHDL Version                                                               ; VHDL_1993          ; VHDL_1993          ;
; State Machine Processing                                                   ; Auto               ; Auto               ;
; Safe State Machine                                                         ; Off                ; Off                ;
; Extract Verilog State Machines                                             ; On                 ; On                 ;
; Extract VHDL State Machines                                                ; On                 ; On                 ;
; Ignore Verilog initial constructs                                          ; Off                ; Off                ;
; Iteration limit for constant Verilog loops                                 ; 5000               ; 5000               ;
; Iteration limit for non-constant Verilog loops                             ; 250                ; 250                ;
; Add Pass-Through Logic to Inferred RAMs                                    ; On                 ; On                 ;
; Parallel Synthesis                                                         ; On                 ; On                 ;
; DSP Block Balancing                                                        ; Auto               ; Auto               ;
; NOT Gate Push-Back                                                         ; On                 ; On                 ;
; Power-Up Don't Care                                                        ; On                 ; On                 ;
; Remove Redundant Logic Cells                                               ; Off                ; Off                ;
; Remove Duplicate Registers                                                 ; On                 ; On                 ;
; Ignore CARRY Buffers                                                       ; Off                ; Off                ;
; Ignore CASCADE Buffers                                                     ; Off                ; Off                ;
; Ignore GLOBAL Buffers                                                      ; Off                ; Off                ;
; Ignore ROW GLOBAL Buffers                                                  ; Off                ; Off                ;
; Ignore LCELL Buffers                                                       ; Off                ; Off                ;
; Ignore SOFT Buffers                                                        ; On                 ; On                 ;
; Limit AHDL Integers to 32 Bits                                             ; Off                ; Off                ;
; Optimization Technique                                                     ; Balanced           ; Balanced           ;
; Carry Chain Length                                                         ; 70                 ; 70                 ;
; Auto Carry Chains                                                          ; On                 ; On                 ;
; Auto Open-Drain Pins                                                       ; On                 ; On                 ;
; Perform WYSIWYG Primitive Resynthesis                                      ; Off                ; Off                ;
; Auto ROM Replacement                                                       ; On                 ; On                 ;
; Auto RAM Replacement                                                       ; On                 ; On                 ;
; Auto Shift Register Replacement                                            ; Auto               ; Auto               ;
; Auto Clock Enable Replacement                                              ; On                 ; On                 ;
; Strict RAM Replacement                                                     ; Off                ; Off                ;
; Allow Synchronous Control Signals                                          ; On                 ; On                 ;
; Force Use of Synchronous Clear Signals                                     ; Off                ; Off                ;
; Auto RAM to Logic Cell Conversion                                          ; Off                ; Off                ;
; Auto Resource Sharing                                                      ; Off                ; Off                ;
; Allow Any RAM Size For Recognition                                         ; Off                ; Off                ;
; Allow Any ROM Size For Recognition                                         ; Off                ; Off                ;
; Allow Any Shift Register Size For Recognition                              ; Off                ; Off                ;
; Use LogicLock Constraints during Resource Balancing                        ; On                 ; On                 ;
; Ignore translate_off and synthesis_off directives                          ; Off                ; Off                ;
; Timing-Driven Synthesis                                                    ; Off                ; Off                ;
; Show Parameter Settings Tables in Synthesis Report                         ; On                 ; On                 ;
; Ignore Maximum Fan-Out Assignments                                         ; Off                ; Off                ;
; Synchronization Register Chain Length                                      ; 2                  ; 2                  ;
; PowerPlay Power Optimization                                               ; Normal compilation ; Normal compilation ;
; HDL message level                                                          ; Level2             ; Level2             ;
; Suppress Register Optimization Related Messages                            ; Off                ; Off                ;
; Number of Removed Registers Reported in Synthesis Report                   ; 5000               ; 5000               ;
; Number of Inverted Registers Reported in Synthesis Report                  ; 100                ; 100                ;
; Clock MUX Protection                                                       ; On                 ; On                 ;
; Auto Gated Clock Conversion                                                ; Off                ; Off                ;
; Block Design Naming                                                        ; Auto               ; Auto               ;
; SDC constraint protection                                                  ; Off                ; Off                ;
; Synthesis Effort                                                           ; Auto               ; Auto               ;
; Shift Register Replacement - Allow Asynchronous Clear Signal               ; On                 ; On                 ;
; Analysis & Synthesis Message Level                                         ; Medium             ; Medium             ;
; Disable Register Merging Across Hierarchies                                ; Auto               ; Auto               ;
; Resource Aware Inference For Block RAM                                     ; On                 ; On                 ;
+----------------------------------------------------------------------------+--------------------+--------------------+


+------------------------------------------+
; Parallel Compilation                     ;
+----------------------------+-------------+
; Processors                 ; Number      ;
+----------------------------+-------------+
; Number detected on machine ; 4           ;
; Maximum allowed            ; 4           ;
;                            ;             ;
; Average used               ; 1.00        ;
; Maximum used               ; 1           ;
;                            ;             ;
; Usage by Processor         ; % Time Used ;
;     1 processor            ; 100.0%      ;
;     2-4 processors         ;   0.0%      ;
+----------------------------+-------------+


+--------------------------------------------------------------------------------------------------------------------------------------+
; Analysis & Synthesis Source Files Read                                                                                               ;
+----------------------------------+-----------------+-----------------------+---------------------------------------------------------+
; File Name with User-Entered Path ; Used in Netlist ; File Type             ; File Name with Absolute Path                            ;
+----------------------------------+-----------------+-----------------------+---------------------------------------------------------+
; master.vhd                       ; yes             ; Auto-Found VHDL File  ; C:/Users/PC248/Desktop/master/master.vhd                ;
; lcd_controller.vhd               ; yes             ; Auto-Found VHDL File  ; C:/Users/PC248/Desktop/master/lcd_controller.vhd        ;
; ps2_keyboard_to_ascii.vhd        ; yes             ; Auto-Found VHDL File  ; C:/Users/PC248/Desktop/master/ps2_keyboard_to_ascii.vhd ;
; ps2_keyboard.vhd                 ; yes             ; Auto-Found VHDL File  ; C:/Users/PC248/Desktop/master/ps2_keyboard.vhd          ;
; debounce.vhd                     ; yes             ; Auto-Found VHDL File  ; C:/Users/PC248/Desktop/master/debounce.vhd              ;
+----------------------------------+-----------------+-----------------------+---------------------------------------------------------+


+-----------------------------------------------------------------------------------------------------------------+
; Analysis & Synthesis Resource Usage Summary                                                                     ;
+---------------------------------------------+-------------------------------------------------------------------+
; Resource                                    ; Usage                                                             ;
+---------------------------------------------+-------------------------------------------------------------------+
; Estimated Total logic elements              ; 1,141                                                             ;
;                                             ;                                                                   ;
; Total combinational functions               ; 1020                                                              ;
; Logic element usage by number of LUT inputs ;                                                                   ;
;     -- 4 input functions                    ; 709                                                               ;
;     -- 3 input functions                    ; 130                                                               ;
;     -- <=2 input functions                  ; 181                                                               ;
;                                             ;                                                                   ;
; Logic elements by mode                      ;                                                                   ;
;     -- normal mode                          ; 952                                                               ;
;     -- arithmetic mode                      ; 68                                                                ;
;                                             ;                                                                   ;
; Total registers                             ; 273                                                               ;
;     -- Dedicated logic registers            ; 273                                                               ;
;     -- I/O registers                        ; 0                                                                 ;
;                                             ;                                                                   ;
; I/O pins                                    ; 53                                                                ;
; Maximum fan-out node                        ; ps2_keyboard_to_ascii:ps2|ps2_keyboard:ps2_keyboard_0|ps2_code[3] ;
; Maximum fan-out                             ; 167                                                               ;
; Total fan-out                               ; 4417                                                              ;
; Average fan-out                             ; 3.28                                                              ;
+---------------------------------------------+-------------------------------------------------------------------+


+-------------------------------------------------------------------------------------------------------------------------------------------------------------------------------------------------------------------------------------------------------------+
; Analysis & Synthesis Resource Utilization by Entity                                                                                                                                                                                                         ;
+---------------------------------------+-------------------+--------------+-------------+--------------+---------+-----------+------+--------------+------------------------------------------------------------------------------------------+--------------+
; Compilation Hierarchy Node            ; LC Combinationals ; LC Registers ; Memory Bits ; DSP Elements ; DSP 9x9 ; DSP 18x18 ; Pins ; Virtual Pins ; Full Hierarchy Name                                                                      ; Library Name ;
+---------------------------------------+-------------------+--------------+-------------+--------------+---------+-----------+------+--------------+------------------------------------------------------------------------------------------+--------------+
; |master                               ; 1020 (169)        ; 273 (140)    ; 0           ; 0            ; 0       ; 0         ; 53   ; 0            ; |master                                                                                  ; work         ;
;    |lcd_controller:dut|               ; 181 (181)         ; 47 (47)      ; 0           ; 0            ; 0       ; 0         ; 0    ; 0            ; |master|lcd_controller:dut                                                               ;              ;
;    |ps2_keyboard_to_ascii:ps2|        ; 670 (608)         ; 86 (28)      ; 0           ; 0            ; 0       ; 0         ; 0    ; 0            ; |master|ps2_keyboard_to_ascii:ps2                                                        ;              ;
;       |ps2_keyboard:ps2_keyboard_0|   ; 62 (20)           ; 58 (34)      ; 0           ; 0            ; 0       ; 0         ; 0    ; 0            ; |master|ps2_keyboard_to_ascii:ps2|ps2_keyboard:ps2_keyboard_0                            ;              ;
;          |debounce:debounce_ps2_clk|  ; 21 (21)           ; 12 (12)      ; 0           ; 0            ; 0       ; 0         ; 0    ; 0            ; |master|ps2_keyboard_to_ascii:ps2|ps2_keyboard:ps2_keyboard_0|debounce:debounce_ps2_clk  ;              ;
;          |debounce:debounce_ps2_data| ; 21 (21)           ; 12 (12)      ; 0           ; 0            ; 0       ; 0         ; 0    ; 0            ; |master|ps2_keyboard_to_ascii:ps2|ps2_keyboard:ps2_keyboard_0|debounce:debounce_ps2_data ;              ;
+---------------------------------------+-------------------+--------------+-------------+--------------+---------+-----------+------+--------------+------------------------------------------------------------------------------------------+--------------+
Note: For table entries with two numbers listed, the numbers in parentheses indicate the number of resources of the given type used by the specific entity alone. The numbers listed outside of parentheses indicate the total resources of the given type used by the specific entity and all of its sub-entities in the hierarchy.


Encoding Type:  One-Hot
+---------------------------------------------------------------------------------+
; State Machine - |master|ps2_keyboard_to_ascii:ps2|state                         ;
+-----------------+--------------+-----------------+----------------+-------------+
; Name            ; state.output ; state.translate ; state.new_code ; state.ready ;
+-----------------+--------------+-----------------+----------------+-------------+
; state.ready     ; 0            ; 0               ; 0              ; 0           ;
; state.new_code  ; 0            ; 0               ; 1              ; 1           ;
; state.translate ; 0            ; 1               ; 0              ; 1           ;
; state.output    ; 1            ; 0               ; 0              ; 1           ;
+-----------------+--------------+-----------------+----------------+-------------+


Encoding Type:  One-Hot
+---------------------------------------------------------------------------------+
; State Machine - |master|lcd_controller:dut|state                                ;
+------------------+------------+-------------+------------------+----------------+
; Name             ; state.send ; state.ready ; state.initialize ; state.power_up ;
+------------------+------------+-------------+------------------+----------------+
; state.power_up   ; 0          ; 0           ; 0                ; 0              ;
; state.initialize ; 0          ; 0           ; 1                ; 1              ;
; state.ready      ; 0          ; 1           ; 0                ; 1              ;
; state.send       ; 1          ; 0           ; 0                ; 1              ;
+------------------+------------+-------------+------------------+----------------+


+---------------------------------------------------------------------------------+
; Registers Removed During Synthesis                                              ;
+----------------------------------------+----------------------------------------+
; Register name                          ; Reason for Removal                     ;
+----------------------------------------+----------------------------------------+
; line1[1][7]                            ; Stuck at GND due to stuck port data_in ;
; line1[2][7]                            ; Stuck at GND due to stuck port data_in ;
; line1[3][7]                            ; Stuck at GND due to stuck port data_in ;
; line1[4][7]                            ; Stuck at GND due to stuck port data_in ;
; line1[5][7]                            ; Stuck at GND due to stuck port data_in ;
; line1[6][7]                            ; Stuck at GND due to stuck port data_in ;
; line1[7][7]                            ; Stuck at GND due to stuck port data_in ;
; line1[8][7]                            ; Stuck at GND due to stuck port data_in ;
; line1[9][7]                            ; Stuck at GND due to stuck port data_in ;
; line1[10][7]                           ; Stuck at GND due to stuck port data_in ;
; line1[11][7]                           ; Stuck at GND due to stuck port data_in ;
; line1[12][7]                           ; Stuck at GND due to stuck port data_in ;
; line1[13][7]                           ; Stuck at GND due to stuck port data_in ;
; line1[14][7]                           ; Stuck at GND due to stuck port data_in ;
; line1[15][7]                           ; Stuck at GND due to stuck port data_in ;
; line1[16][7]                           ; Stuck at GND due to stuck port data_in ;
; char[5]                                ; Stuck at GND due to stuck port data_in ;
; lcd_bus[8]                             ; Stuck at GND due to stuck port data_in ;
; lcd_controller:dut|rw                  ; Stuck at GND due to stuck port data_in ;
; Total Number of Removed Registers = 19 ;                                        ;
+----------------------------------------+----------------------------------------+


+------------------------------------------------------------------------------------+
; Removed Registers Triggering Further Register Optimizations                        ;
+---------------+---------------------------+----------------------------------------+
; Register name ; Reason for Removal        ; Registers Removed due to This Register ;
+---------------+---------------------------+----------------------------------------+
; lcd_bus[8]    ; Stuck at GND              ; lcd_controller:dut|rw                  ;
;               ; due to stuck port data_in ;                                        ;
+---------------+---------------------------+----------------------------------------+


+------------------------------------------------------+
; General Register Statistics                          ;
+----------------------------------------------+-------+
; Statistic                                    ; Value ;
+----------------------------------------------+-------+
; Total registers                              ; 273   ;
; Number of registers using Synchronous Clear  ; 12    ;
; Number of registers using Synchronous Load   ; 2     ;
; Number of registers using Asynchronous Clear ; 125   ;
; Number of registers using Asynchronous Load  ; 0     ;
; Number of registers using Clock Enable       ; 161   ;
; Number of registers using Preset             ; 0     ;
+----------------------------------------------+-------+


+-------------------------------------------------------+
; Inverted Register Statistics                          ;
+---------------------------------------------+---------+
; Inverted Register                           ; Fan out ;
+---------------------------------------------+---------+
; lcd_controller:dut|busy                     ; 2       ;
; te[4]                                       ; 4       ;
; line1[9][5]                                 ; 1       ;
; line1[11][5]                                ; 1       ;
; line1[7][5]                                 ; 1       ;
; line1[13][5]                                ; 1       ;
; line1[4][5]                                 ; 1       ;
; line1[2][5]                                 ; 1       ;
; line1[16][5]                                ; 1       ;
; line1[6][5]                                 ; 1       ;
; line1[1][5]                                 ; 1       ;
; line1[3][5]                                 ; 1       ;
; line1[15][5]                                ; 1       ;
; line1[5][5]                                 ; 1       ;
; line1[12][5]                                ; 1       ;
; line1[10][5]                                ; 1       ;
; line1[8][5]                                 ; 1       ;
; line1[14][5]                                ; 1       ;
; te[5]                                       ; 4       ;
; index[0]                                    ; 15      ;
; ps2_keyboard_to_ascii:ps2|ascii[0]          ; 10      ;
; ps2_keyboard_to_ascii:ps2|ascii[7]          ; 6       ;
; ps2_keyboard_to_ascii:ps2|prev_ps2_code_new ; 1       ;
; ps2_keyboard_to_ascii:ps2|ascii[3]          ; 16      ;
; ps2_keyboard_to_ascii:ps2|ascii[2]          ; 14      ;
; ps2_keyboard_to_ascii:ps2|ascii[5]          ; 15      ;
; ps2_keyboard_to_ascii:ps2|ascii[4]          ; 17      ;
; ps2_keyboard_to_ascii:ps2|ascii[1]          ; 19      ;
; ps2_keyboard_to_ascii:ps2|ascii[6]          ; 5       ;
; Total number of inverted registers = 29     ;         ;
+---------------------------------------------+---------+


+-----------------------------------------------------------------------------------------------------------------------------------------------------------------------------------------------------------------------+
; Multiplexer Restructuring Statistics (Restructuring Performed)                                                                                                                                                        ;
+--------------------+-----------+---------------+----------------------+------------------------+------------+---------------------------------------------------------------------------------------------------------+
; Multiplexer Inputs ; Bus Width ; Baseline Area ; Area if Restructured ; Saving if Restructured ; Registered ; Example Multiplexer Output                                                                              ;
+--------------------+-----------+---------------+----------------------+------------------------+------------+---------------------------------------------------------------------------------------------------------+
; 3:1                ; 8 bits    ; 16 LEs        ; 8 LEs                ; 8 LEs                  ; Yes        ; |master|ps2_keyboard_to_ascii:ps2|ps2_keyboard:ps2_keyboard_0|debounce:debounce_ps2_clk|counter_out[4]  ;
; 3:1                ; 8 bits    ; 16 LEs        ; 8 LEs                ; 8 LEs                  ; Yes        ; |master|ps2_keyboard_to_ascii:ps2|ps2_keyboard:ps2_keyboard_0|debounce:debounce_ps2_data|counter_out[6] ;
; 5:1                ; 2 bits    ; 6 LEs         ; 2 LEs                ; 4 LEs                  ; Yes        ; |master|lcd_controller:dut|rw                                                                           ;
; 64:1               ; 2 bits    ; 84 LEs        ; 10 LEs               ; 74 LEs                 ; Yes        ; |master|lcd_bus[8]                                                                                      ;
; 64:1               ; 7 bits    ; 294 LEs       ; 98 LEs               ; 196 LEs                ; Yes        ; |master|lcd_bus[4]                                                                                      ;
; 14:1               ; 8 bits    ; 72 LEs        ; 56 LEs               ; 16 LEs                 ; Yes        ; |master|lcd_controller:dut|lcd_data[5]                                                                  ;
; 14:1               ; 31 bits   ; 279 LEs       ; 31 LEs               ; 248 LEs                ; Yes        ; |master|lcd_controller:dut|clk_count[26]                                                                ;
+--------------------+-----------+---------------+----------------------+------------------------+------------+---------------------------------------------------------------------------------------------------------+


+------------------------------------------------------------------------+
; Parameter Settings for User Entity Instance: ps2_keyboard_to_ascii:ps2 ;
+---------------------------+----------+---------------------------------+
; Parameter Name            ; Value    ; Type                            ;
+---------------------------+----------+---------------------------------+
; clk_freq                  ; 50000000 ; Signed Integer                  ;
; ps2_debounce_counter_size ; 8        ; Signed Integer                  ;
+---------------------------+----------+---------------------------------+
Note: In order to hide this table in the UI and the text report file, please set the "Show Parameter Settings Tables in Synthesis Report" option in "Analysis and Synthesis Settings -> More Settings" to "Off".


+----------------------------------------------------------------------------------------------------+
; Parameter Settings for User Entity Instance: ps2_keyboard_to_ascii:ps2|ps2_keyboard:ps2_keyboard_0 ;
+-----------------------+----------+-----------------------------------------------------------------+
; Parameter Name        ; Value    ; Type                                                            ;
+-----------------------+----------+-----------------------------------------------------------------+
; clk_freq              ; 50000000 ; Signed Integer                                                  ;
; debounce_counter_size ; 8        ; Signed Integer                                                  ;
+-----------------------+----------+-----------------------------------------------------------------+
Note: In order to hide this table in the UI and the text report file, please set the "Show Parameter Settings Tables in Synthesis Report" option in "Analysis and Synthesis Settings -> More Settings" to "Off".


+------------------------------------------------------------------------------------------------------------------------------+
; Parameter Settings for User Entity Instance: ps2_keyboard_to_ascii:ps2|ps2_keyboard:ps2_keyboard_0|debounce:debounce_ps2_clk ;
+----------------+-------+-----------------------------------------------------------------------------------------------------+
; Parameter Name ; Value ; Type                                                                                                ;
+----------------+-------+-----------------------------------------------------------------------------------------------------+
; counter_size   ; 8     ; Signed Integer                                                                                      ;
+----------------+-------+-----------------------------------------------------------------------------------------------------+
Note: In order to hide this table in the UI and the text report file, please set the "Show Parameter Settings Tables in Synthesis Report" option in "Analysis and Synthesis Settings -> More Settings" to "Off".


+-------------------------------------------------------------------------------------------------------------------------------+
; Parameter Settings for User Entity Instance: ps2_keyboard_to_ascii:ps2|ps2_keyboard:ps2_keyboard_0|debounce:debounce_ps2_data ;
+----------------+-------+------------------------------------------------------------------------------------------------------+
; Parameter Name ; Value ; Type                                                                                                 ;
+----------------+-------+------------------------------------------------------------------------------------------------------+
; counter_size   ; 8     ; Signed Integer                                                                                       ;
+----------------+-------+------------------------------------------------------------------------------------------------------+
Note: In order to hide this table in the UI and the text report file, please set the "Show Parameter Settings Tables in Synthesis Report" option in "Analysis and Synthesis Settings -> More Settings" to "Off".


+------------------------------------------------+
; Port Connectivity Checks: "lcd_controller:dut" ;
+---------+-------+----------+-------------------+
; Port    ; Type  ; Severity ; Details           ;
+---------+-------+----------+-------------------+
; reset_n ; Input ; Info     ; Stuck at VCC      ;
+---------+-------+----------+-------------------+


+-------------------------------+
; Analysis & Synthesis Messages ;
+-------------------------------+
Info: *******************************************************************
Info: Running Quartus II Analysis & Synthesis
    Info: Version 9.1 Build 350 03/24/2010 Service Pack 2 SJ Full Version
    Info: Processing started: Wed Dec 25 19:51:25 2019
Info: Command: quartus_map --read_settings_files=on --write_settings_files=off master -c master
Info: Parallel compilation is enabled and will use 4 of the 4 processors detected
Warning: Using design file master.vhd, which is not specified as a design file for the current project, but contains definitions for 2 design units and 1 entities in project
    Info: Found design unit 1: master-behavior
    Info: Found entity 1: master
Info: Elaborating entity "master" for the top level hierarchy
Warning (10541): VHDL Signal Declaration warning at master.vhd(40): used implicit default value for signal "LEDR" because signal was never assigned a value or an explicit default value. Use of implicit default value may introduce unintended design optimizations.
Warning (10541): VHDL Signal Declaration warning at master.vhd(41): used implicit default value for signal "HEX6" because signal was never assigned a value or an explicit default value. Use of implicit default value may introduce unintended design optimizations.
Warning (10541): VHDL Signal Declaration warning at master.vhd(42): used implicit default value for signal "HEX7" because signal was never assigned a value or an explicit default value. Use of implicit default value may introduce unintended design optimizations.
Warning (10036): Verilog HDL or VHDL warning at master.vhd(49): object "K2" assigned a value but never read
Warning (10541): VHDL Signal Declaration warning at master.vhd(51): used implicit default value for signal "FLAG" because signal was never assigned a value or an explicit default value. Use of implicit default value may introduce unintended design optimizations.
Warning (10036): Verilog HDL or VHDL warning at master.vhd(65): object "ANS" assigned a value but never read
Warning (10631): VHDL Process Statement warning at master.vhd(142): inferring latch(es) for signal or variable "addFlag", which holds its previous value in one or more paths through the process
Warning (10631): VHDL Process Statement warning at master.vhd(142): inferring latch(es) for signal or variable "addFlag1", which holds its previous value in one or more paths through the process
Warning (10631): VHDL Process Statement warning at master.vhd(142): inferring latch(es) for signal or variable "A", which holds its previous value in one or more paths through the process
Warning (10631): VHDL Process Statement warning at master.vhd(142): inferring latch(es) for signal or variable "B", which holds its previous value in one or more paths through the process
Warning (10492): VHDL Process Statement warning at master.vhd(179): signal "A" is read inside the Process Statement but isn't in the Process Statement's sensitivity list
Warning (10492): VHDL Process Statement warning at master.vhd(179): signal "B" is read inside the Process Statement but isn't in the Process Statement's sensitivity list
Warning (10873): Using initial value X (don't care) for net "ascii[7]" at master.vhd(59)
Info (10041): Inferred latch for "addFlag1" at master.vhd(142)
Info (10041): Inferred latch for "addFlag" at master.vhd(142)
Warning: Using design file lcd_controller.vhd, which is not specified as a design file for the current project, but contains definitions for 2 design units and 1 entities in project
    Info: Found design unit 1: lcd_controller-controller
    Info: Found entity 1: lcd_controller
Info: Elaborating entity "lcd_controller" for hierarchy "lcd_controller:dut"
Warning: Using design file ps2_keyboard_to_ascii.vhd, which is not specified as a design file for the current project, but contains definitions for 2 design units and 1 entities in project
    Info: Found design unit 1: ps2_keyboard_to_ascii-behavior
    Info: Found entity 1: ps2_keyboard_to_ascii
Info: Elaborating entity "ps2_keyboard_to_ascii" for hierarchy "ps2_keyboard_to_ascii:ps2"
Warning: Using design file ps2_keyboard.vhd, which is not specified as a design file for the current project, but contains definitions for 2 design units and 1 entities in project
    Info: Found design unit 1: ps2_keyboard-logic
    Info: Found entity 1: ps2_keyboard
Info: Elaborating entity "ps2_keyboard" for hierarchy "ps2_keyboard_to_ascii:ps2|ps2_keyboard:ps2_keyboard_0"
Warning: Using design file debounce.vhd, which is not specified as a design file for the current project, but contains definitions for 2 design units and 1 entities in project
    Info: Found design unit 1: debounce-logic
    Info: Found entity 1: debounce
Info: Elaborating entity "debounce" for hierarchy "ps2_keyboard_to_ascii:ps2|ps2_keyboard:ps2_keyboard_0|debounce:debounce_ps2_clk"
Info: Registers with preset signals will power-up high
Info: DEV_CLRn pin will set, and not reset, register with preset signal due to NOT Gate Push-Back
Warning: Output pins are stuck at VCC or GND
    Warning (13410): Pin "LCD_ON" is stuck at VCC
    Warning (13410): Pin "LCD_RW" is stuck at GND
    Warning (13410): Pin "LEDG[1]" is stuck at GND
    Warning (13410): Pin "LEDG[2]" is stuck at GND
    Warning (13410): Pin "LEDG[3]" is stuck at GND
    Warning (13410): Pin "LEDR[0]" is stuck at GND
    Warning (13410): Pin "LEDR[1]" is stuck at GND
    Warning (13410): Pin "LEDR[2]" is stuck at GND
    Warning (13410): Pin "LEDR[3]" is stuck at GND
    Warning (13410): Pin "LEDR[4]" is stuck at GND
    Warning (13410): Pin "LEDR[5]" is stuck at GND
    Warning (13410): Pin "LEDR[6]" is stuck at GND
    Warning (13410): Pin "LEDR[7]" is stuck at GND
    Warning (13410): Pin "LEDR[8]" is stuck at GND
    Warning (13410): Pin "LEDR[9]" is stuck at GND
    Warning (13410): Pin "LEDR[10]" is stuck at GND
    Warning (13410): Pin "LEDR[11]" is stuck at GND
    Warning (13410): Pin "LEDR[12]" is stuck at GND
    Warning (13410): Pin "LEDR[13]" is stuck at GND
    Warning (13410): Pin "LEDR[14]" is stuck at GND
    Warning (13410): Pin "LEDR[15]" is stuck at GND
    Warning (13410): Pin "HEX6[0]" is stuck at GND
    Warning (13410): Pin "HEX6[1]" is stuck at GND
    Warning (13410): Pin "HEX6[2]" is stuck at GND
    Warning (13410): Pin "HEX6[3]" is stuck at GND
    Warning (13410): Pin "HEX6[4]" is stuck at GND
    Warning (13410): Pin "HEX6[5]" is stuck at GND
    Warning (13410): Pin "HEX6[6]" is stuck at GND
    Warning (13410): Pin "HEX7[0]" is stuck at GND
    Warning (13410): Pin "HEX7[1]" is stuck at GND
    Warning (13410): Pin "HEX7[2]" is stuck at GND
    Warning (13410): Pin "HEX7[3]" is stuck at GND
    Warning (13410): Pin "HEX7[4]" is stuck at GND
    Warning (13410): Pin "HEX7[5]" is stuck at GND
    Warning (13410): Pin "HEX7[6]" is stuck at GND
Warning: Design contains 3 input pin(s) that do not drive logic
    Warning (15610): No output dependent on input pin "KEY[0]"
    Warning (15610): No output dependent on input pin "KEY[1]"
    Warning (15610): No output dependent on input pin "KEY[2]"
Info: Implemented 1200 device resources after synthesis - the final resource count might be different
    Info: Implemented 7 input pins
    Info: Implemented 46 output pins
    Info: Implemented 1147 logic cells
Info: Quartus II Analysis & Synthesis was successful. 0 errors, 58 warnings
    Info: Peak virtual memory: 305 megabytes
    Info: Processing ended: Wed Dec 25 19:51:32 2019
    Info: Elapsed time: 00:00:07
    Info: Total CPU time (on all processors): 00:00:07


